# JRE version: OpenJDK Runtime Environment (11.0.12+7) (build 11.0.12+7-b1504.28-7817840)
# Java VM: OpenJDK 64-Bit Server VM (11.0.12+7-b1504.28-7817840, mixed mode, tiered, compressed oops, g1 gc, windows-amd64)
Heap:
 garbage-first heap   total 1056768K, used 112008K [0x0000000080000000, 0x0000000100000000)
  region size 1024K, 1 young (1024K), 1 survivors (1024K)
 Metaspace       used 123883K, capacity 126936K, committed 127228K, reserved 1161216K
  class space    used 15289K, capacity 16467K, committed 16512K, reserved 1048576K
GC Heap History (20 events):
Event: 1104.258 GC heap after
{Heap after GC invocations=214 (full 0):
 garbage-first heap   total 362496K, used 109159K [0x0000000080000000, 0x0000000100000000)
  region size 1024K, 1 young (1024K), 1 survivors (1024K)
 Metaspace       used 123878K, capacity 126872K, committed 126972K, reserved 1159168K
  class space    used 15289K, capacity 16467K, committed 16512K, reserved 1048576K
}
Event: 1104.667 GC heap before
{Heap before GC invocations=214 (full 0):
 garbage-first heap   total 362496K, used 125543K [0x0000000080000000, 0x0000000100000000)
  region size 1024K, 17 young (17408K), 1 survivors (1024K)
 Metaspace       used 123879K, capacity 126872K, committed 126972K, reserved 1159168K
  class space    used 15289K, capacity 16467K, committed 16512K, reserved 1048576K
}
Event: 1104.690 GC heap after
{Heap after GC invocations=215 (full 0):
 garbage-first heap   total 362496K, used 109016K [0x0000000080000000, 0x0000000100000000)
  region size 1024K, 1 young (1024K), 1 survivors (1024K)
 Metaspace       used 123879K, capacity 126872K, committed 126972K, reserved 1159168K
  class space    used 15289K, capacity 16467K, committed 16512K, reserved 1048576K
}
Event: 1107.788 GC heap before
{Heap before GC invocations=215 (full 0):
 garbage-first heap   total 362496K, used 127448K [0x0000000080000000, 0x0000000100000000)
  region size 1024K, 17 young (17408K), 1 survivors (1024K)
 Metaspace       used 123881K, capacity 126872K, committed 126972K, reserved 1159168K
  class space    used 15289K, capacity 16467K, committed 16512K, reserved 1048576K
}
Event: 1107.811 GC heap after
{Heap after GC invocations=216 (full 0):
 garbage-first heap   total 362496K, used 111214K [0x0000000080000000, 0x0000000100000000)
  region size 1024K, 1 young (1024K), 1 survivors (1024K)
 Metaspace       used 123881K, capacity 126872K, committed 126972K, reserved 1159168K
  class space    used 15289K, capacity 16467K, committed 16512K, reserved 1048576K
}
Event: 1108.036 GC heap before
{Heap before GC invocations=216 (full 0):
 garbage-first heap   total 362496K, used 127598K [0x0000000080000000, 0x0000000100000000)
  region size 1024K, 17 young (17408K), 1 survivors (1024K)
 Metaspace       used 123881K, capacity 126872K, committed 126972K, reserved 1159168K
  class space    used 15289K, capacity 16467K, committed 16512K, reserved 1048576K
}
Event: 1108.107 GC heap after
{Heap after GC invocations=217 (full 0):
 garbage-first heap   total 362496K, used 111361K [0x0000000080000000, 0x0000000100000000)
  region size 1024K, 2 young (2048K), 2 survivors (2048K)
 Metaspace       used 123881K, capacity 126872K, committed 126972K, reserved 1159168K
  class space    used 15289K, capacity 16467K, committed 16512K, reserved 1048576K
}
Event: 1108.236 GC heap before
{Heap before GC invocations=217 (full 0):
 garbage-first heap   total 362496K, used 126721K [0x0000000080000000, 0x0000000100000000)
  region size 1024K, 17 young (17408K), 2 survivors (2048K)
 Metaspace       used 123881K, capacity 126872K, committed 126972K, reserved 1159168K
  class space    used 15289K, capacity 16467K, committed 16512K, reserved 1048576K
}
Event: 1108.269 GC heap after
{Heap after GC invocations=218 (full 0):
 garbage-first heap   total 362496K, used 111365K [0x0000000080000000, 0x0000000100000000)
  region size 1024K, 2 young (2048K), 2 survivors (2048K)
 Metaspace       used 123881K, capacity 126872K, committed 126972K, reserved 1159168K
  class space    used 15289K, capacity 16467K, committed 16512K, reserved 1048576K
}
Event: 1108.698 GC heap before
{Heap before GC invocations=218 (full 0):
 garbage-first heap   total 362496K, used 127749K [0x0000000080000000, 0x0000000100000000)
  region size 1024K, 18 young (18432K), 2 survivors (2048K)
 Metaspace       used 123881K, capacity 126872K, committed 126972K, reserved 1159168K
  class space    used 15289K, capacity 16467K, committed 16512K, reserved 1048576K
}
Event: 1109.465 GC heap after
{Heap after GC invocations=219 (full 0):
 garbage-first heap   total 362496K, used 111555K [0x0000000080000000, 0x0000000100000000)
  region size 1024K, 2 young (2048K), 2 survivors (2048K)
 Metaspace       used 123881K, capacity 126872K, committed 126972K, reserved 1159168K
  class space    used 15289K, capacity 16467K, committed 16512K, reserved 1048576K
}
Event: 1109.601 GC heap before
{Heap before GC invocations=219 (full 0):
 garbage-first heap   total 362496K, used 126915K [0x0000000080000000, 0x0000000100000000)
  region size 1024K, 17 young (17408K), 2 survivors (2048K)
 Metaspace       used 123881K, capacity 126872K, committed 126972K, reserved 1159168K
  class space    used 15289K, capacity 16467K, committed 16512K, reserved 1048576K
}
Event: 1109.941 GC heap after
{Heap after GC invocations=220 (full 0):
 garbage-first heap   total 362496K, used 111574K [0x0000000080000000, 0x0000000100000000)
  region size 1024K, 2 young (2048K), 2 survivors (2048K)
 Metaspace       used 123881K, capacity 126872K, committed 126972K, reserved 1159168K
  class space    used 15289K, capacity 16467K, committed 16512K, reserved 1048576K
}
Event: 1110.080 GC heap before
{Heap before GC invocations=220 (full 0):
 garbage-first heap   total 362496K, used 126934K [0x0000000080000000, 0x0000000100000000)
  region size 1024K, 17 young (17408K), 2 survivors (2048K)
 Metaspace       used 123881K, capacity 126872K, committed 126972K, reserved 1159168K
  class space    used 15289K, capacity 16467K, committed 16512K, reserved 1048576K
}
Event: 1110.128 GC heap after
{Heap after GC invocations=221 (full 0):
 garbage-first heap   total 362496K, used 111650K [0x0000000080000000, 0x0000000100000000)
  region size 1024K, 2 young (2048K), 2 survivors (2048K)
 Metaspace       used 123881K, capacity 126872K, committed 126972K, reserved 1159168K
  class space    used 15289K, capacity 16467K, committed 16512K, reserved 1048576K
}
Event: 1110.401 GC heap before
{Heap before GC invocations=221 (full 0):
 garbage-first heap   total 362496K, used 127010K [0x0000000080000000, 0x0000000100000000)
  region size 1024K, 17 young (17408K), 2 survivors (2048K)
 Metaspace       used 123881K, capacity 126872K, committed 126972K, reserved 1159168K
  class space    used 15289K, capacity 16467K, committed 16512K, reserved 1048576K
}
Event: 1110.420 GC heap after
{Heap after GC invocations=222 (full 0):
 garbage-first heap   total 362496K, used 111773K [0x0000000080000000, 0x0000000100000000)
  region size 1024K, 2 young (2048K), 2 survivors (2048K)
 Metaspace       used 123881K, capacity 126872K, committed 126972K, reserved 1159168K
  class space    used 15289K, capacity 16467K, committed 16512K, reserved 1048576K
}
Event: 1110.624 GC heap before
{Heap before GC invocations=222 (full 0):
 garbage-first heap   total 362496K, used 126109K [0x0000000080000000, 0x0000000100000000)
  region size 1024K, 17 young (17408K), 2 survivors (2048K)
 Metaspace       used 123881K, capacity 126872K, committed 126972K, reserved 1159168K
  class space    used 15289K, capacity 16467K, committed 16512K, reserved 1048576K
}
Event: 1111.791 GC heap after
{Heap after GC invocations=223 (full 0):
 garbage-first heap   total 362496K, used 111942K [0x0000000080000000, 0x0000000100000000)
  region size 1024K, 1 young (1024K), 1 survivors (1024K)
 Metaspace       used 123881K, capacity 126872K, committed 126972K, reserved 1159168K
  class space    used 15289K, capacity 16467K, committed 16512K, reserved 1048576K
}
Event: 1112.139 GC heap before
{Heap before GC invocations=223 (full 0):
 garbage-first heap   total 362496K, used 127302K [0x0000000080000000, 0x0000000100000000)
  region size 1024K, 17 young (17408K), 1 survivors (1024K)
 Metaspace       used 123883K, capacity 126936K, committed 127228K, reserved 1161216K
  class space    used 15289K, capacity 16467K, committed 16512K, reserved 1048576K
}

