# JRE version: OpenJDK Runtime Environment (11.0.12+7) (build 11.0.12+7-b1504.28-7817840)
# Java VM: OpenJDK 64-Bit Server VM (11.0.12+7-b1504.28-7817840, mixed mode, tiered, compressed oops, g1 gc, windows-amd64)
Heap:
 garbage-first heap   total 95232K, used 41911K [0x00000000c1800000, 0x0000000100000000)
  region size 1024K, 3 young (3072K), 3 survivors (3072K)
 Metaspace       used 56317K, capacity 56935K, committed 57244K, reserved 1099776K
  class space    used 6486K, capacity 6764K, committed 6908K, reserved 1048576K
GC Heap History (20 events):
Event: 5.282 GC heap after
{Heap after GC invocations=4 (full 0):
 garbage-first heap   total 65536K, used 9898K [0x00000000c1800000, 0x0000000100000000)
  region size 1024K, 1 young (1024K), 1 survivors (1024K)
 Metaspace       used 20985K, capacity 21199K, committed 21296K, reserved 1069056K
  class space    used 2227K, capacity 2305K, committed 2352K, reserved 1048576K
}
Event: 5.956 GC heap before
{Heap before GC invocations=5 (full 0):
 garbage-first heap   total 65536K, used 36522K [0x00000000c1800000, 0x0000000100000000)
  region size 1024K, 24 young (24576K), 1 survivors (1024K)
 Metaspace       used 27528K, capacity 27903K, committed 28028K, reserved 1075200K
  class space    used 2967K, capacity 3132K, committed 3196K, reserved 1048576K
}
Event: 5.963 GC heap after
{Heap after GC invocations=6 (full 0):
 garbage-first heap   total 65536K, used 14535K [0x00000000c1800000, 0x0000000100000000)
  region size 1024K, 3 young (3072K), 3 survivors (3072K)
 Metaspace       used 27528K, capacity 27903K, committed 28028K, reserved 1075200K
  class space    used 2967K, capacity 3132K, committed 3196K, reserved 1048576K
}
Event: 6.637 GC heap before
{Heap before GC invocations=6 (full 0):
 garbage-first heap   total 65536K, used 39111K [0x00000000c1800000, 0x0000000100000000)
  region size 1024K, 26 young (26624K), 3 survivors (3072K)
 Metaspace       used 31045K, capacity 31450K, committed 31612K, reserved 1077248K
  class space    used 3697K, capacity 3889K, committed 3964K, reserved 1048576K
}
Event: 6.659 GC heap after
{Heap after GC invocations=7 (full 0):
 garbage-first heap   total 65536K, used 21192K [0x00000000c1800000, 0x0000000100000000)
  region size 1024K, 4 young (4096K), 4 survivors (4096K)
 Metaspace       used 31045K, capacity 31450K, committed 31612K, reserved 1077248K
  class space    used 3697K, capacity 3889K, committed 3964K, reserved 1048576K
}
Event: 7.276 GC heap before
{Heap before GC invocations=7 (full 0):
 garbage-first heap   total 65536K, used 40648K [0x00000000c1800000, 0x0000000100000000)
  region size 1024K, 24 young (24576K), 4 survivors (4096K)
 Metaspace       used 35483K, capacity 35916K, committed 36048K, reserved 1081344K
  class space    used 4395K, capacity 4567K, committed 4604K, reserved 1048576K
}
Event: 7.296 GC heap after
{Heap after GC invocations=8 (full 0):
 garbage-first heap   total 65536K, used 21581K [0x00000000c1800000, 0x0000000100000000)
  region size 1024K, 3 young (3072K), 3 survivors (3072K)
 Metaspace       used 35483K, capacity 35916K, committed 36048K, reserved 1081344K
  class space    used 4395K, capacity 4567K, committed 4604K, reserved 1048576K
}
Event: 7.743 GC heap before
{Heap before GC invocations=9 (full 0):
 garbage-first heap   total 65536K, used 41037K [0x00000000c1800000, 0x0000000100000000)
  region size 1024K, 23 young (23552K), 3 survivors (3072K)
 Metaspace       used 39211K, capacity 39626K, committed 39964K, reserved 1085440K
  class space    used 4761K, capacity 4926K, committed 4988K, reserved 1048576K
}
Event: 7.758 GC heap after
{Heap after GC invocations=10 (full 0):
 garbage-first heap   total 65536K, used 23063K [0x00000000c1800000, 0x0000000100000000)
  region size 1024K, 2 young (2048K), 2 survivors (2048K)
 Metaspace       used 39211K, capacity 39626K, committed 39964K, reserved 1085440K
  class space    used 4761K, capacity 4926K, committed 4988K, reserved 1048576K
}
Event: 8.571 GC heap before
{Heap before GC invocations=11 (full 0):
 garbage-first heap   total 65536K, used 43543K [0x00000000c1800000, 0x0000000100000000)
  region size 1024K, 23 young (23552K), 2 survivors (2048K)
 Metaspace       used 44440K, capacity 44902K, committed 45084K, reserved 1089536K
  class space    used 5280K, capacity 5467K, committed 5500K, reserved 1048576K
}
Event: 8.584 GC heap after
{Heap after GC invocations=12 (full 0):
 garbage-first heap   total 65536K, used 24992K [0x00000000c1800000, 0x0000000100000000)
  region size 1024K, 2 young (2048K), 2 survivors (2048K)
 Metaspace       used 44440K, capacity 44902K, committed 45084K, reserved 1089536K
  class space    used 5280K, capacity 5467K, committed 5500K, reserved 1048576K
}
Event: 9.352 GC heap before
{Heap before GC invocations=12 (full 0):
 garbage-first heap   total 65536K, used 48544K [0x00000000c1800000, 0x0000000100000000)
  region size 1024K, 23 young (23552K), 2 survivors (2048K)
 Metaspace       used 47936K, capacity 48407K, committed 48540K, reserved 1091584K
  class space    used 5661K, capacity 5846K, committed 5884K, reserved 1048576K
}
Event: 9.369 GC heap after
{Heap after GC invocations=13 (full 0):
 garbage-first heap   total 78848K, used 30320K [0x00000000c1800000, 0x0000000100000000)
  region size 1024K, 3 young (3072K), 3 survivors (3072K)
 Metaspace       used 47936K, capacity 48407K, committed 48540K, reserved 1091584K
  class space    used 5661K, capacity 5846K, committed 5884K, reserved 1048576K
}
Event: 9.705 GC heap before
{Heap before GC invocations=13 (full 0):
 garbage-first heap   total 78848K, used 52848K [0x00000000c1800000, 0x0000000100000000)
  region size 1024K, 26 young (26624K), 3 survivors (3072K)
 Metaspace       used 48617K, capacity 49112K, committed 49436K, reserved 1093632K
  class space    used 5734K, capacity 5974K, committed 6012K, reserved 1048576K
}
Event: 9.716 GC heap after
{Heap after GC invocations=14 (full 0):
 garbage-first heap   total 78848K, used 31464K [0x00000000c1800000, 0x0000000100000000)
  region size 1024K, 1 young (1024K), 1 survivors (1024K)
 Metaspace       used 48617K, capacity 49112K, committed 49436K, reserved 1093632K
  class space    used 5734K, capacity 5974K, committed 6012K, reserved 1048576K
}
Event: 10.446 GC heap before
{Heap before GC invocations=14 (full 0):
 garbage-first heap   total 78848K, used 55016K [0x00000000c1800000, 0x0000000100000000)
  region size 1024K, 25 young (25600K), 1 survivors (1024K)
 Metaspace       used 50781K, capacity 51321K, committed 51484K, reserved 1095680K
  class space    used 5935K, capacity 6151K, committed 6268K, reserved 1048576K
}
Event: 10.463 GC heap after
{Heap after GC invocations=15 (full 0):
 garbage-first heap   total 78848K, used 35312K [0x00000000c1800000, 0x0000000100000000)
  region size 1024K, 4 young (4096K), 4 survivors (4096K)
 Metaspace       used 50781K, capacity 51321K, committed 51484K, reserved 1095680K
  class space    used 5935K, capacity 6151K, committed 6268K, reserved 1048576K
}
Event: 11.558 GC heap before
{Heap before GC invocations=15 (full 0):
 garbage-first heap   total 78848K, used 57840K [0x00000000c1800000, 0x0000000100000000)
  region size 1024K, 26 young (26624K), 4 survivors (4096K)
 Metaspace       used 55764K, capacity 56390K, committed 56604K, reserved 1099776K
  class space    used 6476K, capacity 6732K, committed 6780K, reserved 1048576K
}
Event: 11.583 GC heap after
{Heap after GC invocations=16 (full 0):
 garbage-first heap   total 78848K, used 38451K [0x00000000c1800000, 0x0000000100000000)
  region size 1024K, 3 young (3072K), 3 survivors (3072K)
 Metaspace       used 55764K, capacity 56390K, committed 56604K, reserved 1099776K
  class space    used 6476K, capacity 6732K, committed 6780K, reserved 1048576K
}
Event: 12.605 GC heap before
{Heap before GC invocations=16 (full 0):
 garbage-first heap   total 78848K, used 59955K [0x00000000c1800000, 0x0000000100000000)
  region size 1024K, 24 young (24576K), 3 survivors (3072K)
 Metaspace       used 56317K, capacity 56935K, committed 57244K, reserved 1099776K
  class space    used 6486K, capacity 6764K, committed 6908K, reserved 1048576K
}

